Microsoft HTML Help Compiler 4.74.8702

Compiling e:\Delphi Progs\LBAPackEd\Help\LBAPackEd.chm


Compile time: 0 minutes, 2 seconds
3	Topics
5	Local links
0	Internet links
0	Graphics


Created e:\Delphi Progs\LBAPackEd\Help\LBAPackEd.chm, 11,823 bytes
Compression increased file by 9,257 bytes.
Microsoft HTML Help Compiler 4.74.8702

Compiling e:\Delphi Progs\LBAPackEd\Help\LBAPackEd.chm


Compile time: 0 minutes, 3 seconds
3	Topics
5	Local links
0	Internet links
0	Graphics


Created e:\Delphi Progs\LBAPackEd\Help\LBAPackEd.chm, 11,825 bytes
Compression increased file by 9,260 bytes.
Microsoft HTML Help Compiler 4.74.8702

Compiling e:\Delphi Progs\LBAPackEd\Help\LBAPackEd.chm


Compile time: 0 minutes, 8 seconds
3	Topics
5	Local links
0	Internet links
0	Graphics


Created e:\Delphi Progs\LBAPackEd\Help\LBAPackEd.chm, 11,823 bytes
Compression increased file by 9,257 bytes.
Microsoft HTML Help Compiler 4.74.8702

Compiling e:\Delphi Progs\LBAPackEd\Help\LBAPackEd.chm


Compile time: 0 minutes, 2 seconds
3	Topics
5	Local links
0	Internet links
0	Graphics


Created e:\Delphi Progs\LBAPackEd\Help\LBAPackEd.chm, 11,825 bytes
Compression increased file by 9,259 bytes.
Microsoft HTML Help Compiler 4.74.8702

Compiling e:\Delphi Progs\LBAPackEd\Help\LBAPackEd.chm


Compile time: 0 minutes, 1 second
3	Topics
5	Local links
0	Internet links
0	Graphics


Created e:\Delphi Progs\LBAPackEd\Help\LBAPackEd.chm, 11,807 bytes
Compression increased file by 9,263 bytes.
Microsoft HTML Help Compiler 4.74.8702

Compiling e:\Delphi Progs\LBAPackEd\Help\LBAPackEd.chm


Compile time: 0 minutes, 1 second
3	Topics
5	Local links
0	Internet links
0	Graphics


Created e:\Delphi Progs\LBAPackEd\Help\LBAPackEd.chm, 11,809 bytes
Compression increased file by 9,263 bytes.
Microsoft HTML Help Compiler 4.74.8702

Compiling e:\Delphi Progs\LBAPackEd\Help\LBAPackEd.chm


Compile time: 0 minutes, 1 second
3	Topics
5	Local links
0	Internet links
0	Graphics


Created e:\Delphi Progs\LBAPackEd\Help\LBAPackEd.chm, 11,811 bytes
Compression increased file by 9,262 bytes.
Microsoft HTML Help Compiler 4.74.8702

Compiling e:\Delphi Progs\LBAPackEd\Help\LBAPackEd.chm


Compile time: 0 minutes, 0 seconds
3	Topics
5	Local links
0	Internet links
0	Graphics


Created e:\Delphi Progs\LBAPackEd\Help\LBAPackEd.chm, 11,811 bytes
Compression increased file by 9,259 bytes.
Microsoft HTML Help Compiler 4.74.8702

Compiling e:\Delphi Progs\LBAPackEd\Help\LBAPackEd.chm


Compile time: 0 minutes, 0 seconds
3	Topics
5	Local links
0	Internet links
0	Graphics


Created e:\Delphi Progs\LBAPackEd\Help\LBAPackEd.chm, 7,679 bytes
Compression increased file by 5,127 bytes.
Microsoft HTML Help Compiler 4.74.8702

Compiling e:\Delphi Progs\LBAPackEd\Help\LBAPackEd.chm


Compile time: 0 minutes, 0 seconds
3	Topics
5	Local links
0	Internet links
0	Graphics


Created e:\Delphi Progs\LBAPackEd\Help\LBAPackEd.chm, 7,913 bytes
Compression increased file by 5,208 bytes.
Microsoft HTML Help Compiler 4.74.8702

Compiling e:\Delphi Progs\LBAPackEd\Help\LBAPackEd.chm


Compile time: 0 minutes, 0 seconds
3	Topics
5	Local links
0	Internet links
0	Graphics


Created e:\Delphi Progs\LBAPackEd\Help\LBAPackEd.chm, 7,909 bytes
Compression increased file by 5,185 bytes.
